added manifest
adding: game/(in = 0) (out= 0)(stored 0%)
adding: game/Game.class(in = 519) (out= 352)(deflated 32%)
adding: game/GameController$1.class(in = 2251) (out= 1253)(deflated 44%)
adding: game/GameController$2.class(in = 1854) (out= 948)(deflated 48%)
adding: game/GameController.class(in = 15180) (out= 6630)(deflated 56%)
adding: game/GameModel.class(in = 7394) (out= 3158)(deflated 57%)
adding: game/GameView.class(in = 24282) (out= 9561)(deflated 60%)
adding: game-jar.err(in = 0) (out= 0)(stored 0%)
adding: game-jar.out(in = 523) (out= 198)(deflated 62%)
adding: images/(in = 0) (out= 0)(stored 0%)
adding: images/gridSize.jpg(in = 8972) (out= 3381)(deflated 62%)
adding: images/instructions.jpg(in = 9365) (out= 3240)(deflated 65%)
adding: images/load.jpg(in = 9303) (out= 3661)(deflated 60%)
adding: images/piciconabt.gif(in = 1413) (out= 1418)(deflated 0%)
adding: images/piciconcol.gif(in = 1095) (out= 1100)(deflated 0%)
adding: images/piciconext.gif(in = 1171) (out= 1176)(deflated 0%)
adding: images/piciconnew.gif(in = 1453) (out= 1458)(deflated 0%)
adding: images/piciconsol.gif(in = 1393) (out= 1398)(deflated 0%)
adding: images/picross.jpg(in = 42625) (out= 36273)(deflated 14%)
adding: images/picross_logo.png(in = 30986) (out= 30884)(deflated 0%)
adding: images/picross_splash.jpg(in = 30049) (out= 19026)(deflated 36%)
adding: images/reset.jpg(in = 9579) (out= 3890)(deflated 59%)
adding: images/save.jpg(in = 9093) (out= 3506)(deflated 61%)
adding: images/solve.jpg(in = 8660) (out= 3121)(deflated 63%)
adding: images/toLauncher.jpg(in = 8444) (out= 2952)(deflated 65%)
adding: MessagesBundle_en_US.properties(in = 1419) (out= 637)(deflated 55%)
adding: MessagesBundle_fr_FR.properties(in = 1571) (out= 759)(deflated 51%)
