warning: [path] Invalid filename: /SOFT/copy/dev/java/javafx/lib/*
src\game\Game.java:17: warning: [rawtypes] found raw type: JComboBox
	JComboBox gridSizeCmbo;
	^
  missing type arguments for generic class JComboBox<E>
  where E is a type-variable:
    E extends Object declared in class JComboBox
src\game\Game.java:102: warning: [rawtypes] found raw type: JComboBox
		gridSizeCmbo = new JComboBox(options);
		                   ^
  missing type arguments for generic class JComboBox<E>
  where E is a type-variable:
    E extends Object declared in class JComboBox
src\game\Game.java:102: warning: [unchecked] unchecked call to JComboBox(E[]) as a member of the raw type JComboBox
		gridSizeCmbo = new JComboBox(options);
		               ^
  where E is a type-variable:
    E extends Object declared in class JComboBox
src\game\Game.java:12: warning: [serial] serializable class Game has no definition of serialVersionUID
public class Game extends JFrame implements ActionListener{
       ^
5 warnings
